<html>
<body>
<pre>
<h1>Vision Build Log</h1>
<h2>Project:</h2>
C:\Users\user\Desktop\file_from_git\STM32_base\2.2_按键输入_外部中断-4\user\Int_Key.uvproj
Project File Date:  04/08/2021

<h2>Output:</h2>
Build target 'Int_Key'
compiling exti.c...
..\hardware\exti\exti.c(53): warning:  #111-D: statement is unreachable
..\hardware\exti\exti.c:                EXTI->PR=1<<0;  //清除LINE0上的中断标志位  
..\hardware\exti\exti.c:                ^
..\hardware\exti\exti.c(100): warning:  #111-D: statement is unreachable
..\hardware\exti\exti.c:        EXTI->PR=1<<0;  //清除LINE0上的中断标志位  
..\hardware\exti\exti.c:        ^
..\hardware\exti\exti.c: ..\hardware\exti\exti.c: 2 warnings, 0 errors
compiling key.c...
compiling led.c...
compiling delay.c...
compiling sys.c...
compiling Int_Key.c...
assembling stm32f10x.s...
linking...
Program Size: Code=2304 RO-data=268 RW-data=36 ZI-data=612  
FromELF: creating hex file...
"..\OUT\Int_Key.axf" - 0 Error(s), 2 Warning(s).
Build target 'Int_Key'
compiling exti.c...
..\hardware\exti\exti.c(13): error:  #65: expected a ";"
..\hardware\exti\exti.c:   void EXTI0_IRQHandler(void)
..\hardware\exti\exti.c:   ^
..\hardware\exti\exti.c(58): warning:  #12-D: parsing restarts here after previous syntax error
..\hardware\exti\exti.c:                EXTI->PR=1<<0;  //清除LINE0上的中断标志位  
..\hardware\exti\exti.c:                             ^
..\hardware\exti\exti.c(59): error:  #169: expected a declaration
..\hardware\exti\exti.c:        }
..\hardware\exti\exti.c:        ^
..\hardware\exti\exti.c(85): warning:  #12-D: parsing restarts here after previous syntax error
..\hardware\exti\exti.c:                                SetLed(3,3);
..\hardware\exti\exti.c:                                           ^
..\hardware\exti\exti.c(86): error:  #79: expected a type specifier
..\hardware\exti\exti.c:                                delay_ms(1);
..\hardware\exti\exti.c:                                         ^
..\hardware\exti\exti.c(86): warning:  #77-D: this declaration has no storage class or type specifier
..\hardware\exti\exti.c:                                delay_ms(1);
..\hardware\exti\exti.c:                                ^
..\hardware\exti\exti.c(86): error:  #147: declaration is incompatible with "void delay_ms(u16)" (declared at line 12 of "..\system\delay\delay.h")
..\hardware\exti\exti.c:                                delay_ms(1);
..\hardware\exti\exti.c:                                ^
..\hardware\exti\exti.c(87): error:  #169: expected a declaration
..\hardware\exti\exti.c:                        case 3:
..\hardware\exti\exti.c:                        ^
..\hardware\exti\exti.c(89): error:  #79: expected a type specifier
..\hardware\exti\exti.c:                                delay_ms(1);
..\hardware\exti\exti.c:                                         ^
..\hardware\exti\exti.c(89): warning:  #77-D: this declaration has no storage class or type specifier
..\hardware\exti\exti.c:                                delay_ms(1);
..\hardware\exti\exti.c:                                ^
..\hardware\exti\exti.c(90): error:  #169: expected a declaration
..\hardware\exti\exti.c:                        case 2:
..\hardware\exti\exti.c:                        ^
..\hardware\exti\exti.c(92): error:  #79: expected a type specifier
..\hardware\exti\exti.c:                                delay_ms(1);
..\hardware\exti\exti.c:                                         ^
..\hardware\exti\exti.c(92): warning:  #77-D: this declaration has no storage class or type specifier
..\hardware\exti\exti.c:                                delay_ms(1);
..\hardware\exti\exti.c:                                ^
..\hardware\exti\exti.c(93): error:  #169: expected a declaration
..\hardware\exti\exti.c:                        case 1:
..\hardware\exti\exti.c:                        ^
..\hardware\exti\exti.c(95): error:  #79: expected a type specifier
..\hardware\exti\exti.c:                                delay_ms(1);
..\hardware\exti\exti.c:                                         ^
..\hardware\exti\exti.c(95): warning:  #77-D: this declaration has no storage class or type specifier
..\hardware\exti\exti.c:                                delay_ms(1);
..\hardware\exti\exti.c:                                ^
..\hardware\exti\exti.c(97): error:  #169: expected a declaration
..\hardware\exti\exti.c:                        default:
..\hardware\exti\exti.c:                        ^
..\hardware\exti\exti.c(99): error:  #79: expected a type specifier
..\hardware\exti\exti.c:                                delay_ms(1);
..\hardware\exti\exti.c:                                         ^
..\hardware\exti\exti.c(99): warning:  #77-D: this declaration has no storage class or type specifier
..\hardware\exti\exti.c:                                delay_ms(1);
..\hardware\exti\exti.c:                                ^
..\hardware\exti\exti.c(101): error:  #169: expected a declaration
..\hardware\exti\exti.c:        }
..\hardware\exti\exti.c:        ^
..\hardware\exti\exti.c(104): error:  #169: expected a declaration
..\hardware\exti\exti.c:        }                
..\hardware\exti\exti.c:        ^
..\hardware\exti\exti.c(106): error:  #169: expected a declaration
..\hardware\exti\exti.c:   }
..\hardware\exti\exti.c:   ^
..\hardware\exti\exti.c(132): warning:  #12-D: parsing restarts here after previous syntax error
..\hardware\exti\exti.c:        EXTI->PR=1<<0;  //清除LINE0上的中断标志位  
..\hardware\exti\exti.c:                     ^
..\hardware\exti\exti.c(133): error:  #169: expected a declaration
..\hardware\exti\exti.c:   }
..\hardware\exti\exti.c:   ^
..\hardware\exti\exti.c(163): warning: At end of source:  #12-D: parsing restarts here after previous syntax error
..\hardware\exti\exti.c: ..\hardware\exti\exti.c: 9 warnings, 16 errors
compiling key.c...
compiling led.c...
compiling delay.c...
compiling sys.c...
compiling Int_Key.c...
assembling stm32f10x.s...
Target not created
Build target 'Int_Key'
compiling exti.c...
..\hardware\exti\exti.c(13): error:  #65: expected a ";"
..\hardware\exti\exti.c:   void EXTI0_IRQHandler(void)
..\hardware\exti\exti.c:   ^
..\hardware\exti\exti.c(58): warning:  #12-D: parsing restarts here after previous syntax error
..\hardware\exti\exti.c:                EXTI->PR=1<<0;  //清除LINE0上的中断标志位  
..\hardware\exti\exti.c:                             ^
..\hardware\exti\exti.c(59): error:  #169: expected a declaration
..\hardware\exti\exti.c:        }
..\hardware\exti\exti.c:        ^
..\hardware\exti\exti.c(85): warning:  #12-D: parsing restarts here after previous syntax error
..\hardware\exti\exti.c:                                SetLed(3,3);
..\hardware\exti\exti.c:                                           ^
..\hardware\exti\exti.c(86): error:  #79: expected a type specifier
..\hardware\exti\exti.c:                                delay_ms(1);
..\hardware\exti\exti.c:                                         ^
..\hardware\exti\exti.c(86): warning:  #77-D: this declaration has no storage class or type specifier
..\hardware\exti\exti.c:                                delay_ms(1);
..\hardware\exti\exti.c:                                ^
..\hardware\exti\exti.c(86): error:  #147: declaration is incompatible with "void delay_ms(u16)" (declared at line 12 of "..\system\delay\delay.h")
..\hardware\exti\exti.c:                                delay_ms(1);
..\hardware\exti\exti.c:                                ^
..\hardware\exti\exti.c(87): error:  #169: expected a declaration
..\hardware\exti\exti.c:                        case 3:
..\hardware\exti\exti.c:                        ^
..\hardware\exti\exti.c(89): error:  #79: expected a type specifier
..\hardware\exti\exti.c:                                delay_ms(1);
..\hardware\exti\exti.c:                                         ^
..\hardware\exti\exti.c(89): warning:  #77-D: this declaration has no storage class or type specifier
..\hardware\exti\exti.c:                                delay_ms(1);
..\hardware\exti\exti.c:                                ^
..\hardware\exti\exti.c(90): error:  #169: expected a declaration
..\hardware\exti\exti.c:                        case 2:
..\hardware\exti\exti.c:                        ^
..\hardware\exti\exti.c(92): error:  #79: expected a type specifier
..\hardware\exti\exti.c:                                delay_ms(1);
..\hardware\exti\exti.c:                                         ^
..\hardware\exti\exti.c(92): warning:  #77-D: this declaration has no storage class or type specifier
..\hardware\exti\exti.c:                                delay_ms(1);
..\hardware\exti\exti.c:                                ^
..\hardware\exti\exti.c(93): error:  #169: expected a declaration
..\hardware\exti\exti.c:                        case 1:
..\hardware\exti\exti.c:                        ^
..\hardware\exti\exti.c(95): error:  #79: expected a type specifier
..\hardware\exti\exti.c:                                delay_ms(1);
..\hardware\exti\exti.c:                                         ^
..\hardware\exti\exti.c(95): warning:  #77-D: this declaration has no storage class or type specifier
..\hardware\exti\exti.c:                                delay_ms(1);
..\hardware\exti\exti.c:                                ^
..\hardware\exti\exti.c(97): error:  #169: expected a declaration
..\hardware\exti\exti.c:                        default:
..\hardware\exti\exti.c:                        ^
..\hardware\exti\exti.c(99): error:  #79: expected a type specifier
..\hardware\exti\exti.c:                                delay_ms(1);
..\hardware\exti\exti.c:                                         ^
..\hardware\exti\exti.c(99): warning:  #77-D: this declaration has no storage class or type specifier
..\hardware\exti\exti.c:                                delay_ms(1);
..\hardware\exti\exti.c:                                ^
..\hardware\exti\exti.c(101): error:  #169: expected a declaration
..\hardware\exti\exti.c:        }
..\hardware\exti\exti.c:        ^
..\hardware\exti\exti.c(104): error:  #169: expected a declaration
..\hardware\exti\exti.c:        }                
..\hardware\exti\exti.c:        ^
..\hardware\exti\exti.c(106): error:  #169: expected a declaration
..\hardware\exti\exti.c:   }
..\hardware\exti\exti.c:   ^
..\hardware\exti\exti.c(132): warning:  #12-D: parsing restarts here after previous syntax error
..\hardware\exti\exti.c:        EXTI->PR=1<<0;  //清除LINE0上的中断标志位  
..\hardware\exti\exti.c:                     ^
..\hardware\exti\exti.c(133): error:  #169: expected a declaration
..\hardware\exti\exti.c:   }
..\hardware\exti\exti.c:   ^
..\hardware\exti\exti.c(163): warning: At end of source:  #12-D: parsing restarts here after previous syntax error
..\hardware\exti\exti.c: ..\hardware\exti\exti.c: 9 warnings, 16 errors
compiling key.c...
compiling led.c...
compiling delay.c...
compiling sys.c...
compiling Int_Key.c...
assembling stm32f10x.s...
Target not created
Build target 'Int_Key'
compiling exti.c...
..\hardware\exti\exti.c(58): warning:  #111-D: statement is unreachable
..\hardware\exti\exti.c:                EXTI->PR=1<<0;  //清除LINE0上的中断标志位  
..\hardware\exti\exti.c:                ^
..\hardware\exti\exti.c(105): warning:  #111-D: statement is unreachable
..\hardware\exti\exti.c:        EXTI->PR=1<<0;  //清除LINE0上的中断标志位  
..\hardware\exti\exti.c:        ^
..\hardware\exti\exti.c: ..\hardware\exti\exti.c: 2 warnings, 0 errors
compiling key.c...
compiling led.c...
compiling delay.c...
compiling sys.c...
compiling Int_Key.c...
assembling stm32f10x.s...
linking...
Program Size: Code=2148 RO-data=268 RW-data=68 ZI-data=612  
FromELF: creating hex file...
"..\OUT\Int_Key.axf" - 0 Error(s), 2 Warning(s).
Build target 'Int_Key'
compiling exti.c...
..\hardware\exti\exti.c(58): warning:  #111-D: statement is unreachable
..\hardware\exti\exti.c:                EXTI->PR=1<<0;  //清除LINE0上的中断标志位  
..\hardware\exti\exti.c:                ^
..\hardware\exti\exti.c(105): warning:  #111-D: statement is unreachable
..\hardware\exti\exti.c:        EXTI->PR=1<<0;  //清除LINE0上的中断标志位  
..\hardware\exti\exti.c:        ^
..\hardware\exti\exti.c: ..\hardware\exti\exti.c: 2 warnings, 0 errors
compiling key.c...
compiling led.c...
compiling delay.c...
compiling sys.c...
compiling Int_Key.c...
assembling stm32f10x.s...
linking...
Program Size: Code=2152 RO-data=268 RW-data=68 ZI-data=612  
FromELF: creating hex file...
"..\OUT\Int_Key.axf" - 0 Error(s), 2 Warning(s).
Build target 'Int_Key'
compiling exti.c...
..\hardware\exti\exti.c(58): warning:  #111-D: statement is unreachable
..\hardware\exti\exti.c:                EXTI->PR=1<<0;  //清除LINE0上的中断标志位  
..\hardware\exti\exti.c:                ^
..\hardware\exti\exti.c(105): warning:  #111-D: statement is unreachable
..\hardware\exti\exti.c:        EXTI->PR=1<<0;  //清除LINE0上的中断标志位  
..\hardware\exti\exti.c:        ^
..\hardware\exti\exti.c: ..\hardware\exti\exti.c: 2 warnings, 0 errors
compiling key.c...
compiling led.c...
compiling delay.c...
compiling sys.c...
compiling Int_Key.c...
assembling stm32f10x.s...
linking...
Program Size: Code=2180 RO-data=268 RW-data=68 ZI-data=612  
FromELF: creating hex file...
"..\OUT\Int_Key.axf" - 0 Error(s), 2 Warning(s).
Build target 'Int_Key'
compiling exti.c...
..\hardware\exti\exti.c(58): warning:  #111-D: statement is unreachable
..\hardware\exti\exti.c:                EXTI->PR=1<<0;  //清除LINE0上的中断标志位  
..\hardware\exti\exti.c:                ^
..\hardware\exti\exti.c(108): warning:  #111-D: statement is unreachable
..\hardware\exti\exti.c:        EXTI->PR=1<<0;  //清除LINE0上的中断标志位  
..\hardware\exti\exti.c:        ^
..\hardware\exti\exti.c: ..\hardware\exti\exti.c: 2 warnings, 0 errors
compiling key.c...
compiling led.c...
compiling delay.c...
compiling sys.c...
compiling Int_Key.c...
assembling stm32f10x.s...
linking...
Program Size: Code=2084 RO-data=268 RW-data=68 ZI-data=612  
FromELF: creating hex file...
"..\OUT\Int_Key.axf" - 0 Error(s), 2 Warning(s).
Build target 'Int_Key'
compiling exti.c...
..\hardware\exti\exti.c(58): warning:  #111-D: statement is unreachable
..\hardware\exti\exti.c:                EXTI->PR=1<<0;  //清除LINE0上的中断标志位  
..\hardware\exti\exti.c:                ^
..\hardware\exti\exti.c(108): warning:  #111-D: statement is unreachable
..\hardware\exti\exti.c:        EXTI->PR=1<<0;  //清除LINE0上的中断标志位  
..\hardware\exti\exti.c:        ^
..\hardware\exti\exti.c: ..\hardware\exti\exti.c: 2 warnings, 0 errors
compiling key.c...
compiling led.c...
compiling delay.c...
compiling sys.c...
compiling Int_Key.c...
assembling stm32f10x.s...
linking...
Program Size: Code=2084 RO-data=268 RW-data=68 ZI-data=612  
FromELF: creating hex file...
"..\OUT\Int_Key.axf" - 0 Error(s), 2 Warning(s).
Build target 'Int_Key'
compiling exti.c...
..\hardware\exti\exti.c(29): warning:  #111-D: statement is unreachable
..\hardware\exti\exti.c:                EXTI->PR=1<<0;  //清除LINE0上的中断标志位  
..\hardware\exti\exti.c:                ^
..\hardware\exti\exti.c(79): warning:  #111-D: statement is unreachable
..\hardware\exti\exti.c:        EXTI->PR=1<<0;  //清除LINE0上的中断标志位  
..\hardware\exti\exti.c:        ^
..\hardware\exti\exti.c: ..\hardware\exti\exti.c: 2 warnings, 0 errors
compiling key.c...
compiling led.c...
compiling delay.c...
compiling sys.c...
compiling Int_Key.c...
assembling stm32f10x.s...
linking...
Program Size: Code=2080 RO-data=268 RW-data=68 ZI-data=612  
FromELF: creating hex file...
"..\OUT\Int_Key.axf" - 0 Error(s), 2 Warning(s).
Build target 'Int_Key'
compiling exti.c...
..\hardware\exti\exti.c(29): warning:  #111-D: statement is unreachable
..\hardware\exti\exti.c:                EXTI->PR=1<<0;  //清除LINE0上的中断标志位  
..\hardware\exti\exti.c:                ^
..\hardware\exti\exti.c(79): warning:  #111-D: statement is unreachable
..\hardware\exti\exti.c:        EXTI->PR=1<<0;  //清除LINE0上的中断标志位  
..\hardware\exti\exti.c:        ^
..\hardware\exti\exti.c: ..\hardware\exti\exti.c: 2 warnings, 0 errors
compiling key.c...
compiling led.c...
compiling delay.c...
compiling sys.c...
compiling Int_Key.c...
assembling stm32f10x.s...
linking...
Program Size: Code=2080 RO-data=268 RW-data=68 ZI-data=612  
FromELF: creating hex file...
"..\OUT\Int_Key.axf" - 0 Error(s), 2 Warning(s).
Build target 'Int_Key'
compiling exti.c...
..\hardware\exti\exti.c(29): warning:  #111-D: statement is unreachable
..\hardware\exti\exti.c:                EXTI->PR=1<<0;  //清除LINE0上的中断标志位  
..\hardware\exti\exti.c:                ^
..\hardware\exti\exti.c(49): warning:  #111-D: statement is unreachable
..\hardware\exti\exti.c:        EXTI->PR=1<<0;  //清除LINE0上的中断标志位  
..\hardware\exti\exti.c:        ^
..\hardware\exti\exti.c: ..\hardware\exti\exti.c: 2 warnings, 0 errors
compiling key.c...
compiling led.c...
compiling delay.c...
compiling sys.c...
compiling Int_Key.c...
assembling stm32f10x.s...
linking...
Program Size: Code=2080 RO-data=268 RW-data=68 ZI-data=612  
FromELF: creating hex file...
"..\OUT\Int_Key.axf" - 0 Error(s), 2 Warning(s).
Build target 'Int_Key'
compiling exti.c...
..\hardware\exti\exti.c(29): warning:  #111-D: statement is unreachable
..\hardware\exti\exti.c:                EXTI->PR=1<<0;  //清除LINE0上的中断标志位  
..\hardware\exti\exti.c:                ^
..\hardware\exti\exti.c(49): warning:  #111-D: statement is unreachable
..\hardware\exti\exti.c:                EXTI->PR=1<<0;  //清除LINE0上的中断标志位  
..\hardware\exti\exti.c:                ^
..\hardware\exti\exti.c: ..\hardware\exti\exti.c: 2 warnings, 0 errors
compiling key.c...
compiling led.c...
compiling delay.c...
compiling sys.c...
compiling Int_Key.c...
assembling stm32f10x.s...
linking...
Program Size: Code=2056 RO-data=268 RW-data=68 ZI-data=612  
FromELF: creating hex file...
"..\OUT\Int_Key.axf" - 0 Error(s), 2 Warning(s).
Build target 'Int_Key'
compiling exti.c...
..\hardware\exti\exti.c(29): warning:  #111-D: statement is unreachable
..\hardware\exti\exti.c:                EXTI->PR=1<<0;  //清除LINE0上的中断标志位  
..\hardware\exti\exti.c:                ^
..\hardware\exti\exti.c(49): warning:  #111-D: statement is unreachable
..\hardware\exti\exti.c:                EXTI->PR=1<<0;  //清除LINE0上的中断标志位  
..\hardware\exti\exti.c:                ^
..\hardware\exti\exti.c: ..\hardware\exti\exti.c: 2 warnings, 0 errors
compiling key.c...
compiling led.c...
compiling delay.c...
compiling sys.c...
compiling Int_Key.c...
assembling stm32f10x.s...
linking...
Program Size: Code=2000 RO-data=268 RW-data=68 ZI-data=612  
FromELF: creating hex file...
"..\OUT\Int_Key.axf" - 0 Error(s), 2 Warning(s).
Build target 'Int_Key'
compiling exti.c...
..\hardware\exti\exti.c(29): warning:  #111-D: statement is unreachable
..\hardware\exti\exti.c:                EXTI->PR=1<<0;  //清除LINE0上的中断标志位  
..\hardware\exti\exti.c:                ^
..\hardware\exti\exti.c(49): warning:  #111-D: statement is unreachable
..\hardware\exti\exti.c:                EXTI->PR=1<<0;  //清除LINE0上的中断标志位  
..\hardware\exti\exti.c:                ^
..\hardware\exti\exti.c: ..\hardware\exti\exti.c: 2 warnings, 0 errors
compiling key.c...
compiling led.c...
compiling delay.c...
compiling sys.c...
compiling Int_Key.c...
assembling stm32f10x.s...
linking...
Program Size: Code=2000 RO-data=268 RW-data=68 ZI-data=612  
FromELF: creating hex file...
"..\OUT\Int_Key.axf" - 0 Error(s), 2 Warning(s).
Build target 'Int_Key'
compiling exti.c...
compiling key.c...
compiling led.c...
compiling delay.c...
compiling sys.c...
compiling Int_Key.c...
assembling stm32f10x.s...
linking...
Program Size: Code=2028 RO-data=268 RW-data=68 ZI-data=612  
FromELF: creating hex file...
"..\OUT\Int_Key.axf" - 0 Error(s), 0 Warning(s).
Build target 'Int_Key'
compiling exti.c...
compiling key.c...
compiling led.c...
compiling delay.c...
compiling sys.c...
compiling Int_Key.c...
assembling stm32f10x.s...
linking...
Program Size: Code=2028 RO-data=268 RW-data=68 ZI-data=612  
FromELF: creating hex file...
"..\OUT\Int_Key.axf" - 0 Error(s), 0 Warning(s).
Build target 'Int_Key'
compiling exti.c...
linking...
Program Size: Code=2028 RO-data=268 RW-data=68 ZI-data=612  
FromELF: creating hex file...
"..\OUT\Int_Key.axf" - 0 Error(s), 0 Warning(s).
Build target 'Int_Key'
compiling exti.c...
compiling key.c...
compiling led.c...
compiling delay.c...
compiling sys.c...
compiling Int_Key.c...
assembling stm32f10x.s...
linking...
Program Size: Code=2028 RO-data=268 RW-data=68 ZI-data=612  
FromELF: creating hex file...
"..\OUT\Int_Key.axf" - 0 Error(s), 0 Warning(s).
Build target 'Int_Key'
compiling exti.c...
compiling key.c...
compiling led.c...
compiling delay.c...
compiling sys.c...
compiling Int_Key.c...
assembling stm32f10x.s...
linking...
Program Size: Code=2028 RO-data=268 RW-data=68 ZI-data=612  
FromELF: creating hex file...
"..\OUT\Int_Key.axf" - 0 Error(s), 0 Warning(s).
Build target 'Int_Key'
compiling exti.c...
compiling key.c...
compiling led.c...
compiling delay.c...
compiling sys.c...
compiling Int_Key.c...
assembling stm32f10x.s...
linking...
Program Size: Code=2044 RO-data=268 RW-data=68 ZI-data=612  
FromELF: creating hex file...
"..\OUT\Int_Key.axf" - 0 Error(s), 0 Warning(s).
Build target 'Int_Key'
compiling exti.c...
linking...
Program Size: Code=2052 RO-data=268 RW-data=68 ZI-data=612  
FromELF: creating hex file...
"..\OUT\Int_Key.axf" - 0 Error(s), 0 Warning(s).
Build target 'Int_Key'
compiling exti.c...
..\hardware\exti\exti.c(30): warning:  #9-D: nested comment is not allowed
..\hardware\exti\exti.c:                        //*/
..\hardware\exti\exti.c:                         ^
..\hardware\exti\exti.c: ..\hardware\exti\exti.c: 1 warning, 0 errors
linking...
Program Size: Code=2052 RO-data=268 RW-data=68 ZI-data=612  
FromELF: creating hex file...
"..\OUT\Int_Key.axf" - 0 Error(s), 1 Warning(s).
Build target 'Int_Key'
compiling exti.c...
..\hardware\exti\exti.c(30): warning:  #9-D: nested comment is not allowed
..\hardware\exti\exti.c:                        //*/
..\hardware\exti\exti.c:                         ^
..\hardware\exti\exti.c: ..\hardware\exti\exti.c: 1 warning, 0 errors
linking...
Program Size: Code=2052 RO-data=268 RW-data=68 ZI-data=612  
FromELF: creating hex file...
"..\OUT\Int_Key.axf" - 0 Error(s), 1 Warning(s).
Build target 'Int_Key'
compiling exti.c...
..\hardware\exti\exti.c(30): warning:  #9-D: nested comment is not allowed
..\hardware\exti\exti.c:                        //*/
..\hardware\exti\exti.c:                         ^
..\hardware\exti\exti.c: ..\hardware\exti\exti.c: 1 warning, 0 errors
linking...
Program Size: Code=2056 RO-data=268 RW-data=68 ZI-data=612  
FromELF: creating hex file...
"..\OUT\Int_Key.axf" - 0 Error(s), 1 Warning(s).
Build target 'Int_Key'
compiling exti.c...
..\hardware\exti\exti.c(40): warning:  #9-D: nested comment is not allowed
..\hardware\exti\exti.c:                        //*/
..\hardware\exti\exti.c:                         ^
..\hardware\exti\exti.c(23): warning:  #177-D: variable "k" was declared but never referenced
..\hardware\exti\exti.c:                        int i,k;
..\hardware\exti\exti.c:                              ^
..\hardware\exti\exti.c: ..\hardware\exti\exti.c: 2 warnings, 0 errors
linking...
Program Size: Code=2028 RO-data=268 RW-data=68 ZI-data=612  
FromELF: creating hex file...
"..\OUT\Int_Key.axf" - 0 Error(s), 2 Warning(s).
Build target 'Int_Key'
compiling exti.c...
..\hardware\exti\exti.c(23): warning:  #177-D: variable "k" was declared but never referenced
..\hardware\exti\exti.c:                        int i,k;
..\hardware\exti\exti.c:                              ^
..\hardware\exti\exti.c: ..\hardware\exti\exti.c: 1 warning, 0 errors
linking...
Program Size: Code=2028 RO-data=268 RW-data=68 ZI-data=612  
FromELF: creating hex file...
"..\OUT\Int_Key.axf" - 0 Error(s), 1 Warning(s).
